<?xml version="1.0" encoding="UTF-8" ?>
<testsuite tests="4" failures="0" name="nu.te4.testerjunit.CheckerTest" time="0.019" errors="0" skipped="0">
  <properties>
[...]
</properties>
  <testcase classname="nu.te4.testerjunit.CheckerTest" name="testNotPalindrome" time="0.018"/>
  <testcase classname="nu.te4.testerjunit.CheckerTest" name="testNull" time="0"/>
  <testcase classname="nu.te4.testerjunit.CheckerTest" name="isPalindrome" time="0"/>
  <testcase classname="nu.te4.testerjunit.CheckerTest" name="isLessThan0" time="0.001"/>
</testsuite>