<?xml version="1.0" encoding="UTF-8" standalone="yes"?><!DOCTYPE report PUBLIC "-//JACOCO//DTD Report 1.1//EN" "report.dtd"><report name="Testerjunit"><sessioninfo id="DESKTOP-M8S70AP-5ca5ab00" start="1631171333271" dump="1631171333663"/><sessioninfo id="DESKTOP-M8S70AP-44f953eb" start="1631172123680" dump="1631172124049"/><sessioninfo id="DESKTOP-M8S70AP-83e0257f" start="1631172290797" dump="1631172291182"/><sessioninfo id="DESKTOP-M8S70AP-8fc0cc8f" start="1631172360978" dump="1631172361353"/><sessioninfo id="DESKTOP-M8S70AP-ad6f999c" start="1631172385974" dump="1631172386424"/><sessioninfo id="DESKTOP-M8S70AP-70da0828" start="1631172967762" dump="1631172968132"/><sessioninfo id="DESKTOP-M8S70AP-2bb5bac" start="1631173094743" dump="1631173095113"/><sessioninfo id="DESKTOP-M8S70AP-585de65c" start="1631173341814" dump="1631173342166"/><sessioninfo id="DESKTOP-M8S70AP-4b7ee183" start="1631173409652" dump="1631173410037"/><sessioninfo id="DESKTOP-M8S70AP-4aa0bd2c" start="1631173447917" dump="1631173448299"/><sessioninfo id="DESKTOP-M8S70AP-f77a4d98" start="1631173470700" dump="1631173471101"/><sessioninfo id="DESKTOP-M8S70AP-5d97b1cf" start="1631173585377" dump="1631173585775"/><sessioninfo id="DESKTOP-M8S70AP-9e79cf4f" start="1631173811941" dump="1631173812417"/><sessioninfo id="DESKTOP-M8S70AP-a3cec8c8" start="1631173842661" dump="1631173843053"/><sessioninfo id="DESKTOP-M8S70AP-abeda325" start="1631173878099" dump="1631173878484"/><sessioninfo id="DESKTOP-M8S70AP-7e9c9bd9" start="1631173900850" dump="1631173901228"/><sessioninfo id="DESKTOP-M8S70AP-c05fc283" start="1631173916897" dump="1631173917251"/><sessioninfo id="DESKTOP-M8S70AP-eba753f1" start="1631173945499" dump="1631173945952"/><sessioninfo id="DESKTOP-M8S70AP-4155f45e" start="1631174007790" dump="1631174008177"/><sessioninfo id="DESKTOP-M8S70AP-57508d84" start="1631174026908" dump="1631174027282"/><sessioninfo id="DESKTOP-M8S70AP-90183b32" start="1631174157858" dump="1631174158243"/><sessioninfo id="DESKTOP-M8S70AP-2ff07816" start="1631174170434" dump="1631174170854"/><sessioninfo id="DESKTOP-M8S70AP-cc36b022" start="1631174175834" dump="1631174176045"/><sessioninfo id="DESKTOP-M8S70AP-507799d" start="1631174183191" dump="1631174183557"/><sessioninfo id="DESKTOP-M8S70AP-98e22869" start="1631174338375" dump="1631174338833"/><sessioninfo id="DESKTOP-M8S70AP-991ef989" start="1631174351213" dump="1631174351597"/><sessioninfo id="DESKTOP-M8S70AP-9a31a8c2" start="1631174368585" dump="1631174368936"/><sessioninfo id="DESKTOP-M8S70AP-129915a6" start="1631174383015" dump="1631174383398"/><sessioninfo id="DESKTOP-M8S70AP-3cea05a8" start="1631174417919" dump="1631174418295"/><sessioninfo id="DESKTOP-M8S70AP-b22edb4f" start="1631174429567" dump="1631174429920"/><sessioninfo id="DESKTOP-M8S70AP-e917a8aa" start="1631174668580" dump="1631174668960"/><sessioninfo id="DESKTOP-M8S70AP-bf278500" start="1631174698183" dump="1631174698590"/><sessioninfo id="DESKTOP-M8S70AP-5481d1a0" start="1631174717585" dump="1631174717977"/><sessioninfo id="DESKTOP-M8S70AP-fcec677" start="1631174760436" dump="1631174760834"/><sessioninfo id="DESKTOP-M8S70AP-a12c7e47" start="1631174786991" dump="1631174787383"/><sessioninfo id="DESKTOP-M8S70AP-a2e07703" start="1631175114417" dump="1631175114888"/><sessioninfo id="DESKTOP-M8S70AP-44237344" start="1631175718643" dump="1631175719002"/><sessioninfo id="DESKTOP-M8S70AP-15f0738c" start="1631175727119" dump="1631175727498"/><sessioninfo id="DESKTOP-M8S70AP-121b5e0d" start="1631175934483" dump="1631175934925"/><sessioninfo id="DESKTOP-M8S70AP-d5646047" start="1631175973288" dump="1631175973661"/><sessioninfo id="DESKTOP-M8S70AP-e1923939" start="1631176084376" dump="1631176084763"/><sessioninfo id="DESKTOP-M8S70AP-bd1372c9" start="1631176099440" dump="1631176099861"/><sessioninfo id="DESKTOP-M8S70AP-69e99f3d" start="1631176113886" dump="1631176114276"/><sessioninfo id="DESKTOP-M8S70AP-e504d4dd" start="1631176137886" dump="1631176138225"/><sessioninfo id="DESKTOP-M8S70AP-a7ee4f08" start="1631176145016" dump="1631176145416"/><sessioninfo id="DESKTOP-M8S70AP-9f4a0412" start="1631176156036" dump="1631176156424"/><sessioninfo id="DESKTOP-M8S70AP-a29b9f7b" start="1631176175722" dump="1631176176108"/><sessioninfo id="DESKTOP-M8S70AP-13ee8e8e" start="1631176190596" dump="1631176190968"/><sessioninfo id="DESKTOP-M8S70AP-c54f2d60" start="1631176206545" dump="1631176206931"/><sessioninfo id="DESKTOP-M8S70AP-312e96da" start="1631176229963" dump="1631176230345"/><sessioninfo id="DESKTOP-M8S70AP-a6bedf20" start="1631176257014" dump="1631176257424"/><sessioninfo id="DESKTOP-M8S70AP-3a729aea" start="1631176328386" dump="1631176328787"/><sessioninfo id="DESKTOP-M8S70AP-3d0e5a5b" start="1631176345024" dump="1631176345399"/><sessioninfo id="DESKTOP-M8S70AP-1d500495" start="1631176520208" dump="1631176520602"/><sessioninfo id="DESKTOP-M8S70AP-6306b8db" start="1631177143570" dump="1631177143940"/><sessioninfo id="DESKTOP-M8S70AP-2c54731c" start="1631177324327" dump="1631177324743"/><sessioninfo id="DESKTOP-M8S70AP-f30e8cd6" start="1631177546552" dump="1631177546999"/><sessioninfo id="DESKTOP-M8S70AP-7516195e" start="1631177586961" dump="1631177587338"/><sessioninfo id="DESKTOP-M8S70AP-25718373" start="1631177602610" dump="1631177603030"/><sessioninfo id="DESKTOP-M8S70AP-8a2cd253" start="1631177793892" dump="1631177794278"/><sessioninfo id="DESKTOP-M8S70AP-80886bec" start="1631178154830" dump="1631178155209"/><sessioninfo id="DESKTOP-M8S70AP-36681ab9" start="1631178175540" dump="1631178175920"/><sessioninfo id="DESKTOP-M8S70AP-c871dd86" start="1631178200991" dump="1631178201397"/><sessioninfo id="DESKTOP-M8S70AP-4268128" start="1631178268491" dump="1631178268863"/><sessioninfo id="DESKTOP-M8S70AP-cfbc1d1f" start="1631178329756" dump="1631178330149"/><sessioninfo id="DESKTOP-M8S70AP-d560adb2" start="1631178438164" dump="1631178438523"/><sessioninfo id="DESKTOP-M8S70AP-e4ac3c26" start="1631178496641" dump="1631178496999"/><sessioninfo id="DESKTOP-M8S70AP-6cdfb77a" start="1631178543656" dump="1631178544065"/><sessioninfo id="DESKTOP-M8S70AP-f4ac37be" start="1631185492429" dump="1631185492870"/><sessioninfo id="DESKTOP-M8S70AP-ee4f0cd7" start="1631185646241" dump="1631185646638"/><sessioninfo id="DESKTOP-M8S70AP-80088430" start="1631185705070" dump="1631185705495"/><package name="nu/te4/testerjunit"><class name="nu/te4/testerjunit/TestarJUnit" sourcefilename="TestarJUnit.java"><method name="&lt;init&gt;" desc="()V" line="12"><counter type="INSTRUCTION" missed="3" covered="0"/><counter type="LINE" missed="1" covered="0"/><counter type="COMPLEXITY" missed="1" covered="0"/><counter type="METHOD" missed="1" covered="0"/></method><method name="main" desc="([Ljava/lang/String;)V" line="19"><counter type="INSTRUCTION" missed="1" covered="0"/><counter type="LINE" missed="1" covered="0"/><counter type="COMPLEXITY" missed="1" covered="0"/><counter type="METHOD" missed="1" covered="0"/></method><counter type="INSTRUCTION" missed="4" covered="0"/><counter type="LINE" missed="2" covered="0"/><counter type="COMPLEXITY" missed="2" covered="0"/><counter type="METHOD" missed="2" covered="0"/><counter type="CLASS" missed="1" covered="0"/></class><class name="nu/te4/testerjunit/MyMath" sourcefilename="MyMath.java"><method name="&lt;init&gt;" desc="()V" line="12"><counter type="INSTRUCTION" missed="0" covered="3"/><counter type="LINE" missed="0" covered="1"/><counter type="COMPLEXITY" missed="0" covered="1"/><counter type="METHOD" missed="0" covered="1"/></method><method name="add" desc="(Ljava/lang/String;Ljava/lang/String;)I" line="17"><counter type="INSTRUCTION" missed="0" covered="16"/><counter type="LINE" missed="0" covered="5"/><counter type="COMPLEXITY" missed="0" covered="1"/><counter type="METHOD" missed="0" covered="1"/></method><method name="isEqual" desc="(II)Z" line="26"><counter type="INSTRUCTION" missed="0" covered="7"/><counter type="BRANCH" missed="0" covered="2"/><counter type="LINE" missed="0" covered="1"/><counter type="COMPLEXITY" missed="0" covered="2"/><counter type="METHOD" missed="0" covered="1"/></method><method name="difference" desc="(II)I" line="30"><counter type="INSTRUCTION" missed="0" covered="16"/><counter type="BRANCH" missed="0" covered="4"/><counter type="LINE" missed="0" covered="5"/><counter type="COMPLEXITY" missed="0" covered="3"/><counter type="METHOD" missed="0" covered="1"/></method><method name="difference" desc="(Ljava/lang/String;Ljava/lang/String;)I" line="41"><counter type="INSTRUCTION" missed="0" covered="22"/><counter type="BRANCH" missed="0" covered="4"/><counter type="LINE" missed="0" covered="7"/><counter type="COMPLEXITY" missed="0" covered="3"/><counter type="METHOD" missed="0" covered="1"/></method><counter type="INSTRUCTION" missed="0" covered="64"/><counter type="BRANCH" missed="0" covered="10"/><counter type="LINE" missed="0" covered="19"/><counter type="COMPLEXITY" missed="0" covered="10"/><counter type="METHOD" missed="0" covered="5"/><counter type="CLASS" missed="0" covered="1"/></class><class name="nu/te4/testerjunit/Checker" sourcefilename="Checker.java"><method name="&lt;init&gt;" desc="()V" line="12"><counter type="INSTRUCTION" missed="0" covered="3"/><counter type="LINE" missed="0" covered="1"/><counter type="COMPLEXITY" missed="0" covered="1"/><counter type="METHOD" missed="0" covered="1"/></method><method name="isPalindrome" desc="(Ljava/lang/String;)Z" line="14"><counter type="INSTRUCTION" missed="0" covered="17"/><counter type="BRANCH" missed="0" covered="4"/><counter type="LINE" missed="0" covered="5"/><counter type="COMPLEXITY" missed="0" covered="3"/><counter type="METHOD" missed="0" covered="1"/></method><method name="reverse" desc="(Ljava/lang/String;)Ljava/lang/String;" line="27"><counter type="INSTRUCTION" missed="0" covered="19"/><counter type="BRANCH" missed="0" covered="2"/><counter type="LINE" missed="0" covered="4"/><counter type="COMPLEXITY" missed="0" covered="2"/><counter type="METHOD" missed="0" covered="1"/></method><method name="isPrimeNumber" desc="(I)Z" line="36"><counter type="INSTRUCTION" missed="2" covered="24"/><counter type="BRANCH" missed="1" covered="5"/><counter type="LINE" missed="0" covered="6"/><counter type="COMPLEXITY" missed="1" covered="3"/><counter type="METHOD" missed="0" covered="1"/></method><counter type="INSTRUCTION" missed="2" covered="63"/><counter type="BRANCH" missed="1" covered="11"/><counter type="LINE" missed="0" covered="16"/><counter type="COMPLEXITY" missed="1" covered="9"/><counter type="METHOD" missed="0" covered="4"/><counter type="CLASS" missed="0" covered="1"/></class><class name="nu/te4/testerjunit/MyMath2" sourcefilename="MyMath2.java"><method name="&lt;init&gt;" desc="()V" line="12"><counter type="INSTRUCTION" missed="0" covered="3"/><counter type="LINE" missed="0" covered="1"/><counter type="COMPLEXITY" missed="0" covered="1"/><counter type="METHOD" missed="0" covered="1"/></method><method name="convertToFarenheit" desc="(D)D" line="16"><counter type="INSTRUCTION" missed="0" covered="17"/><counter type="BRANCH" missed="0" covered="2"/><counter type="LINE" missed="0" covered="4"/><counter type="COMPLEXITY" missed="0" covered="2"/><counter type="METHOD" missed="0" covered="1"/></method><method name="compareTo" desc="(II)I" line="24"><counter type="INSTRUCTION" missed="0" covered="16"/><counter type="BRANCH" missed="0" covered="4"/><counter type="LINE" missed="0" covered="5"/><counter type="COMPLEXITY" missed="0" covered="3"/><counter type="METHOD" missed="0" covered="1"/></method><counter type="INSTRUCTION" missed="0" covered="36"/><counter type="BRANCH" missed="0" covered="6"/><counter type="LINE" missed="0" covered="10"/><counter type="COMPLEXITY" missed="0" covered="6"/><counter type="METHOD" missed="0" covered="3"/><counter type="CLASS" missed="0" covered="1"/></class><sourcefile name="MyMath2.java"><line nr="12" mi="0" ci="3" mb="0" cb="0"/><line nr="16" mi="0" ci="4" mb="0" cb="2"/><line nr="17" mi="0" ci="5" mb="0" cb="0"/><line nr="19" mi="0" ci="6" mb="0" cb="0"/><line nr="20" mi="0" ci="2" mb="0" cb="0"/><line nr="24" mi="0" ci="3" mb="0" cb="2"/><line nr="25" mi="0" ci="4" mb="0" cb="0"/><line nr="27" mi="0" ci="3" mb="0" cb="2"/><line nr="28" mi="0" ci="2" mb="0" cb="0"/><line nr="31" mi="0" ci="4" mb="0" cb="0"/><counter type="INSTRUCTION" missed="0" covered="36"/><counter type="BRANCH" missed="0" covered="6"/><counter type="LINE" missed="0" covered="10"/><counter type="COMPLEXITY" missed="0" covered="6"/><counter type="METHOD" missed="0" covered="3"/><counter type="CLASS" missed="0" covered="1"/></sourcefile><sourcefile name="TestarJUnit.java"><line nr="12" mi="3" ci="0" mb="0" cb="0"/><line nr="19" mi="1" ci="0" mb="0" cb="0"/><counter type="INSTRUCTION" missed="4" covered="0"/><counter type="LINE" missed="2" covered="0"/><counter type="COMPLEXITY" missed="2" covered="0"/><counter type="METHOD" missed="2" covered="0"/><counter type="CLASS" missed="1" covered="0"/></sourcefile><sourcefile name="Checker.java"><line nr="12" mi="0" ci="3" mb="0" cb="0"/><line nr="14" mi="0" ci="2" mb="0" cb="2"/><line nr="15" mi="0" ci="5" mb="0" cb="0"/><line nr="18" mi="0" ci="6" mb="0" cb="2"/><line nr="19" mi="0" ci="2" mb="0" cb="0"/><line nr="22" mi="0" ci="2" mb="0" cb="0"/><line nr="27" mi="0" ci="2" mb="0" cb="0"/><line nr="28" mi="0" ci="9" mb="0" cb="2"/><line nr="29" mi="0" ci="6" mb="0" cb="0"/><line nr="32" mi="0" ci="2" mb="0" cb="0"/><line nr="36" mi="0" ci="2" mb="0" cb="2"/><line nr="37" mi="0" ci="5" mb="0" cb="0"/><line nr="39" mi="2" ci="9" mb="0" cb="2"/><line nr="40" mi="0" ci="4" mb="1" cb="1"/><line nr="41" mi="0" ci="2" mb="0" cb="0"/><line nr="44" mi="0" ci="2" mb="0" cb="0"/><counter type="INSTRUCTION" missed="2" covered="63"/><counter type="BRANCH" missed="1" covered="11"/><counter type="LINE" missed="0" covered="16"/><counter type="COMPLEXITY" missed="1" covered="9"/><counter type="METHOD" missed="0" covered="4"/><counter type="CLASS" missed="0" covered="1"/></sourcefile><sourcefile name="MyMath.java"><line nr="12" mi="0" ci="3" mb="0" cb="0"/><line nr="17" mi="0" ci="3" mb="0" cb="0"/><line nr="18" mi="0" ci="3" mb="0" cb="0"/><line nr="19" mi="0" ci="4" mb="0" cb="0"/><line nr="20" mi="0" ci="1" mb="0" cb="0"/><line nr="21" mi="0" ci="5" mb="0" cb="0"/><line nr="26" mi="0" ci="7" mb="0" cb="2"/><line nr="30" mi="0" ci="3" mb="0" cb="2"/><line nr="31" mi="0" ci="4" mb="0" cb="0"/><line nr="33" mi="0" ci="3" mb="0" cb="2"/><line nr="34" mi="0" ci="4" mb="0" cb="0"/><line nr="36" mi="0" ci="2" mb="0" cb="0"/><line nr="41" mi="0" ci="3" mb="0" cb="0"/><line nr="42" mi="0" ci="3" mb="0" cb="0"/><line nr="45" mi="0" ci="3" mb="0" cb="2"/><line nr="46" mi="0" ci="4" mb="0" cb="0"/><line nr="48" mi="0" ci="3" mb="0" cb="2"/><line nr="49" mi="0" ci="4" mb="0" cb="0"/><line nr="52" mi="0" ci="2" mb="0" cb="0"/><counter type="INSTRUCTION" missed="0" covered="64"/><counter type="BRANCH" missed="0" covered="10"/><counter type="LINE" missed="0" covered="19"/><counter type="COMPLEXITY" missed="0" covered="10"/><counter type="METHOD" missed="0" covered="5"/><counter type="CLASS" missed="0" covered="1"/></sourcefile><counter type="INSTRUCTION" missed="6" covered="163"/><counter type="BRANCH" missed="1" covered="27"/><counter type="LINE" missed="2" covered="45"/><counter type="COMPLEXITY" missed="3" covered="25"/><counter type="METHOD" missed="2" covered="12"/><counter type="CLASS" missed="1" covered="3"/></package><counter type="INSTRUCTION" missed="6" covered="163"/><counter type="BRANCH" missed="1" covered="27"/><counter type="LINE" missed="2" covered="45"/><counter type="COMPLEXITY" missed="3" covered="25"/><counter type="METHOD" missed="2" covered="12"/><counter type="CLASS" missed="1" covered="3"/></report>